HTTP/1.1 200 OK
Connection: Keep-Alive
Date: Sun, 16, Oct, 2011 05:34:1318761289 GMT
Server: Liso/1.0
Content-Type: application/octet-stream
Last-Modified:Sun, 16, Oct, 2011 05:34:1318761289 GMT

HTTP/1.1 200 OK
Connection: Keep-Alive
Date: Sun, 16, Oct, 2011 05:34:1318761289 GMT
Server: Liso/1.0
Content-Type: application/octet-stream
Last-Modified:Sun, 16, Oct, 2011 05:34:1318761289 GMT

HTTP/1.1 200 OK
Connection: Keep-Alive
Date: Sun, 16, Oct, 2011 05:34:1318761289 GMT
Server: Liso/1.0
Content-Type: application/octet-stream
Last-Modified:Sun, 16, Oct, 2011 05:34:1318761289 GMT

HTTP/1.1 200 OK
Connection: Keep-Alive
Date: Sun, 16, Oct, 2011 05:34:1318761289 GMT
Server: Liso/1.0
Content-Type: application/octet-stream
Last-Modified:Sun, 16, Oct, 2011 05:34:1318761289 GMT

HTTP/1.1 200 OK
Connection: Keep-Alive
Date: Sun, 16, Oct, 2011 05:34:1318761289 GMT
Server: Liso/1.0
Content-Type: application/octet-stream
Last-Modified:Sun, 16, Oct, 2011 05:34:1318761289 GMT

HTTP/1.1 200 OK
Connection: Keep-Alive
Date: Sun, 16, Oct, 2011 05:34:1318761289 GMT
Server: Liso/1.0
Content-Type: application/octet-stream
Last-Modified:Sun, 16, Oct, 2011 05:34:1318761289 GMT

HTTP/1.1 200 OK
Connection: Keep-Alive
Date: Sun, 16, Oct, 2011 05:34:1318761289 GMT
Server: Liso/1.0
Content-Type: application/octet-stream
Last-Modified:Sun, 16, Oct, 2011 05:34:1318761289 GMT

HTTP/1.1 200 OK
Connection: Keep-Alive
Date: Sun, 16, Oct, 2011 05:34:1318761289 GMT
Server: Liso/1.0
Content-Type: application/octet-stream
Last-Modified:Sun, 16, Oct, 2011 05:34:1318761289 GMT

HTTP/1.1 200 OK
Connection: Keep-Alive
Date: Sun, 16, Oct, 2011 05:34:1318761289 GMT
Server: Liso/1.0
Content-Type: application/octet-stream
Last-Modified:Sun, 16, Oct, 2011 05:34:1318761289 GMT

HTTP/1.1 200 OK
Connection: Keep-Alive
Date: Sun, 16, Oct, 2011 05:34:1318761289 GMT
Server: Liso/1.0
Content-Type: application/octet-stream
Last-Modified:Sun, 16, Oct, 2011 05:34:1318761289 GMT

