HTTP/1.1 200 OK
Connection: 
Content-Type: text/html; charset=utf-8
Content-Length: 685

<!doctype html>
<title>Flaskr</title>
<link rel=stylesheet type=text/css href="/cgi/static/style.css">
<div class=page>
  <h1>Flaskr</h1>
  <div class=metanav>
  
    <a href="/cgi/login">log in</a>
  
  </div>
  
  
  
  <ul class=entries>
  
    <li><h2>hohohoo</h2>huhasduasd
  
    <li><h2>I am good</h2>yea i am 
  
    <li><h2>kasdfad</h2>akdhg;laksdhglkashdgklahsdklghaskld;ghlaskdhgklasdhglkashdgklahsdklghaklsdhglkasdhglkashdklghasl;dkghasl;kdhgklasdhglk;ashdgklahsdklghaskldghklasdhgklashdglkahsdklghaslkdghlaksdhgl;kashdglk;ashdgkl;hasdklghaklsdhglkashdgklhaskld;ghklasdhgklahsd;g
  
    <li><h2>shibalnomA</h2>KKKKK
  
    <li><h2>FUCK YEA</h2>hahah nice
  
  </ul>

</div>HTTP/1.1 200 OK
Connection: 
Content-Type: text/html; charset=utf-8
Content-Length: 685

<!doctype html>
<title>Flaskr</title>
<link rel=stylesheet type=text/css href="/cgi/static/style.css">
<div class=page>
  <h1>Flaskr</h1>
  <div class=metanav>
  
    <a href="/cgi/login">log in</a>
  
  </div>
  
  
  
  <ul class=entries>
  
    <li><h2>hohohoo</h2>huhasduasd
  
    <li><h2>I am good</h2>yea i am 
  
    <li><h2>kasdfad</h2>akdhg;laksdhglkashdgklahsdklghaskld;ghlaskdhgklasdhglkashdgklahsdklghaklsdhglkasdhglkashdklghasl;dkghasl;kdhgklasdhglk;ashdgklahsdklghaskldghklasdhgklashdglkahsdklghaslkdghlaksdhgl;kashdglk;ashdgkl;hasdklghaklsdhglkashdgklhaskld;ghklasdhgklahsd;g
  
    <li><h2>shibalnomA</h2>KKKKK
  
    <li><h2>FUCK YEA</h2>hahah nice
  
  </ul>

</div>HTTP/1.1 200 OK
Connection: 
Content-Type: text/html; charset=utf-8
Content-Length: 685

<!doctype html>
<title>Flaskr</title>
<link rel=stylesheet type=text/css href="/cgi/static/style.css">
<div class=page>
  <h1>Flaskr</h1>
  <div class=metanav>
  
    <a href="/cgi/login">log in</a>
  
  </div>
  
  
  
  <ul class=entries>
  
    <li><h2>hohohoo</h2>huhasduasd
  
    <li><h2>I am good</h2>yea i am 
  
    <li><h2>kasdfad</h2>akdhg;laksdhglkashdgklahsdklghaskld;ghlaskdhgklasdhglkashdgklahsdklghaklsdhglkasdhglkashdklghasl;dkghasl;kdhgklasdhglk;ashdgklahsdklghaskldghklasdhgklashdglkahsdklghaslkdghlaksdhgl;kashdglk;ashdgkl;hasdklghaklsdhglkashdgklhaskld;ghklasdhgklahsd;g
  
    <li><h2>shibalnomA</h2>KKKKK
  
    <li><h2>FUCK YEA</h2>hahah nice
  
  </ul>

</div>HTTP/1.1 200 OK
Connection: 
Content-Type: text/html; charset=utf-8
Content-Length: 685

<!doctype html>
<title>Flaskr</title>
<link rel=stylesheet type=text/css href="/cgi/static/style.css">
<div class=page>
  <h1>Flaskr</h1>
  <div class=metanav>
  
    <a href="/cgi/login">log in</a>
  
  </div>
  
  
  
  <ul class=entries>
  
    <li><h2>hohohoo</h2>huhasduasd
  
    <li><h2>I am good</h2>yea i am 
  
    <li><h2>kasdfad</h2>akdhg;laksdhglkashdgklahsdklghaskld;ghlaskdhgklasdhglkashdgklahsdklghaklsdhglkasdhglkashdklghasl;dkghasl;kdhgklasdhglk;ashdgklahsdklghaskldghklasdhgklashdglkahsdklghaslkdghlaksdhgl;kashdglk;ashdgkl;hasdklghaklsdhglkashdgklhaskld;ghklasdhgklahsd;g
  
    <li><h2>shibalnomA</h2>KKKKK
  
    <li><h2>FUCK YEA</h2>hahah nice
  
  </ul>

</div>HTTP/1.1 200 OK
Connection: 
Content-Type: text/html; charset=utf-8
Content-Length: 685

<!doctype html>
<title>Flaskr</title>
<link rel=stylesheet type=text/css href="/cgi/static/style.css">
<div class=page>
  <h1>Flaskr</h1>
  <div class=metanav>
  
    <a href="/cgi/login">log in</a>
  
  </div>
  
  
  
  <ul class=entries>
  
    <li><h2>hohohoo</h2>huhasduasd
  
    <li><h2>I am good</h2>yea i am 
  
    <li><h2>kasdfad</h2>akdhg;laksdhglkashdgklahsdklghaskld;ghlaskdhgklasdhglkashdgklahsdklghaklsdhglkasdhglkashdklghasl;dkghasl;kdhgklasdhglk;ashdgklahsdklghaskldghklasdhgklashdglkahsdklghaslkdghlaksdhgl;kashdglk;ashdgkl;hasdklghaklsdhglkashdgklhaskld;ghklasdhgklahsd;g
  
    <li><h2>shibalnomA</h2>KKKKK
  
    <li><h2>FUCK YEA</h2>hahah nice
  
  </ul>

</div>HTTP/1.1 200 OK
Connection: 
Content-Type: text/html; charset=utf-8
Content-Length: 685

<!doctype html>
<title>Flaskr</title>
<link rel=stylesheet type=text/css href="/cgi/static/style.css">
<div class=page>
  <h1>Flaskr</h1>
  <div class=metanav>
  
    <a href="/cgi/login">log in</a>
  
  </div>
  
  
  
  <ul class=entries>
  
    <li><h2>hohohoo</h2>huhasduasd
  
    <li><h2>I am good</h2>yea i am 
  
    <li><h2>kasdfad</h2>akdhg;laksdhglkashdgklahsdklghaskld;ghlaskdhgklasdhglkashdgklahsdklghaklsdhglkasdhglkashdklghasl;dkghasl;kdhgklasdhglk;ashdgklahsdklghaskldghklasdhgklashdglkahsdklghaslkdghlaksdhgl;kashdglk;ashdgkl;hasdklghaklsdhglkashdgklhaskld;ghklasdhgklahsd;g
  
    <li><h2>shibalnomA</h2>KKKKK
  
    <li><h2>FUCK YEA</h2>hahah nice
  
  </ul>

</div>HTTP/1.1 200 OK
Connection: 
Content-Type: text/html; charset=utf-8
Content-Length: 685

<!doctype html>
<title>Flaskr</title>
<link rel=stylesheet type=text/css href="/cgi/static/style.css">
<div class=page>
  <h1>Flaskr</h1>
  <div class=metanav>
  
    <a href="/cgi/login">log in</a>
  
  </div>
  
  
  
  <ul class=entries>
  
    <li><h2>hohohoo</h2>huhasduasd
  
    <li><h2>I am good</h2>yea i am 
  
    <li><h2>kasdfad</h2>akdhg;laksdhglkashdgklahsdklghaskld;ghlaskdhgklasdhglkashdgklahsdklghaklsdhglkasdhglkashdklghasl;dkghasl;kdhgklasdhglk;ashdgklahsdklghaskldghklasdhgklashdglkahsdklghaslkdghlaksdhgl;kashdglk;ashdgkl;hasdklghaklsdhglkashdgklhaskld;ghklasdhgklahsd;g
  
    <li><h2>shibalnomA</h2>KKKKK
  
    <li><h2>FUCK YEA</h2>hahah nice
  
  </ul>

</div>HTTP/1.1 200 OK
Connection: 
Content-Type: text/html; charset=utf-8
Content-Length: 685

<!doctype html>
<title>Flaskr</title>
<link rel=stylesheet type=text/css href="/cgi/static/style.css">
<div class=page>
  <h1>Flaskr</h1>
  <div class=metanav>
  
    <a href="/cgi/login">log in</a>
  
  </div>
  
  
  
  <ul class=entries>
  
    <li><h2>hohohoo</h2>huhasduasd
  
    <li><h2>I am good</h2>yea i am 
  
    <li><h2>kasdfad</h2>akdhg;laksdhglkashdgklahsdklghaskld;ghlaskdhgklasdhglkashdgklahsdklghaklsdhglkasdhglkashdklghasl;dkghasl;kdhgklasdhglk;ashdgklahsdklghaskldghklasdhgklashdglkahsdklghaslkdghlaksdhgl;kashdglk;ashdgkl;hasdklghaklsdhglkashdgklhaskld;ghklasdhgklahsd;g
  
    <li><h2>shibalnomA</h2>KKKKK
  
    <li><h2>FUCK YEA</h2>hahah nice
  
  </ul>

</div>HTTP/1.1 200 OK
Connection: 
Content-Type: text/html; charset=utf-8
Content-Length: 685

<!doctype html>
<title>Flaskr</title>
<link rel=stylesheet type=text/css href="/cgi/static/style.css">
<div class=page>
  <h1>Flaskr</h1>
  <div class=metanav>
  
    <a href="/cgi/login">log in</a>
  
  </div>
  
  
  
  <ul class=entries>
  
    <li><h2>hohohoo</h2>huhasduasd
  
    <li><h2>I am good</h2>yea i am 
  
    <li><h2>kasdfad</h2>akdhg;laksdhglkashdgklahsdklghaskld;ghlaskdhgklasdhglkashdgklahsdklghaklsdhglkasdhglkashdklghasl;dkghasl;kdhgklasdhglk;ashdgklahsdklghaskldghklasdhgklashdglkahsdklghaslkdghlaksdhgl;kashdglk;ashdgkl;hasdklghaklsdhglkashdgklhaskld;ghklasdhgklahsd;g
  
    <li><h2>shibalnomA</h2>KKKKK
  
    <li><h2>FUCK YEA</h2>hahah nice
  
  </ul>

</div>HTTP/1.1 200 OK
Connection: 
Content-Type: text/html; charset=utf-8
Content-Length: 685

<!doctype html>
<title>Flaskr</title>
<link rel=stylesheet type=text/css href="/cgi/static/style.css">
<div class=page>
  <h1>Flaskr</h1>
  <div class=metanav>
  
    <a href="/cgi/login">log in</a>
  
  </div>
  
  
  
  <ul class=entries>
  
    <li><h2>hohohoo</h2>huhasduasd
  
    <li><h2>I am good</h2>yea i am 
  
    <li><h2>kasdfad</h2>akdhg;laksdhglkashdgklahsdklghaskld;ghlaskdhgklasdhglkashdgklahsdklghaklsdhglkasdhglkashdklghasl;dkghasl;kdhgklasdhglk;ashdgklahsdklghaskldghklasdhgklashdglkahsdklghaslkdghlaksdhgl;kashdglk;ashdgkl;hasdklghaklsdhglkashdgklhaskld;ghklasdhgklahsd;g
  
    <li><h2>shibalnomA</h2>KKKKK
  
    <li><h2>FUCK YEA</h2>hahah nice
  
  </ul>

</div>