HTTP/1.1 404 NOT FOUND
Connection: 
Content-Type: text/html
Content-Length: 238

<!DOCTYPE HTML PUBLIC "-//W3C//DTD HTML 3.2 Final//EN">
<title>404 Not Found</title>
<h1>Not Found</h1>
<p>The requested URL was not found on the server.</p><p>If you entered the URL manually please check your spelling and try again.</p>
HTTP/1.1 404 NOT FOUND
Connection: 
Content-Type: text/html
Content-Length: 238

<!DOCTYPE HTML PUBLIC "-//W3C//DTD HTML 3.2 Final//EN">
<title>404 Not Found</title>
<h1>Not Found</h1>
<p>The requested URL was not found on the server.</p><p>If you entered the URL manually please check your spelling and try again.</p>
HTTP/1.1 404 NOT FOUND
Connection: 
Content-Type: text/html
Content-Length: 238

<!DOCTYPE HTML PUBLIC "-//W3C//DTD HTML 3.2 Final//EN">
<title>404 Not Found</title>
<h1>Not Found</h1>
<p>The requested URL was not found on the server.</p><p>If you entered the URL manually please check your spelling and try again.</p>
HTTP/1.1 404 NOT FOUND
Connection: 
Content-Type: text/html
Content-Length: 238

<!DOCTYPE HTML PUBLIC "-//W3C//DTD HTML 3.2 Final//EN">
<title>404 Not Found</title>
<h1>Not Found</h1>
<p>The requested URL was not found on the server.</p><p>If you entered the URL manually please check your spelling and try again.</p>
HTTP/1.1 404 NOT FOUND
Connection: 
Content-Type: text/html
Content-Length: 238

<!DOCTYPE HTML PUBLIC "-//W3C//DTD HTML 3.2 Final//EN">
<title>404 Not Found</title>
<h1>Not Found</h1>
<p>The requested URL was not found on the server.</p><p>If you entered the URL manually please check your spelling and try again.</p>
HTTP/1.1 404 NOT FOUND
Connection: 
Content-Type: text/html
Content-Length: 238

<!DOCTYPE HTML PUBLIC "-//W3C//DTD HTML 3.2 Final//EN">
<title>404 Not Found</title>
<h1>Not Found</h1>
<p>The requested URL was not found on the server.</p><p>If you entered the URL manually please check your spelling and try again.</p>
HTTP/1.1 404 NOT FOUND
Connection: 
Content-Type: text/html
Content-Length: 238

<!DOCTYPE HTML PUBLIC "-//W3C//DTD HTML 3.2 Final//EN">
<title>404 Not Found</title>
<h1>Not Found</h1>
<p>The requested URL was not found on the server.</p><p>If you entered the URL manually please check your spelling and try again.</p>
HTTP/1.1 404 NOT FOUND
Connection: 
Content-Type: text/html
Content-Length: 238

<!DOCTYPE HTML PUBLIC "-//W3C//DTD HTML 3.2 Final//EN">
<title>404 Not Found</title>
<h1>Not Found</h1>
<p>The requested URL was not found on the server.</p><p>If you entered the URL manually please check your spelling and try again.</p>
HTTP/1.1 404 NOT FOUND
Connection: 
Content-Type: text/html
Content-Length: 238

<!DOCTYPE HTML PUBLIC "-//W3C//DTD HTML 3.2 Final//EN">
<title>404 Not Found</title>
<h1>Not Found</h1>
<p>The requested URL was not found on the server.</p><p>If you entered the URL manually please check your spelling and try again.</p>
HTTP/1.1 404 NOT FOUND
Connection: 
Content-Type: text/html
Content-Length: 238

<!DOCTYPE HTML PUBLIC "-//W3C//DTD HTML 3.2 Final//EN">
<title>404 Not Found</title>
<h1>Not Found</h1>
<p>The requested URL was not found on the server.</p><p>If you entered the URL manually please check your spelling and try again.</p>
HTTP/1.1 404 NOT FOUND
Connection: 
Content-Type: text/html
Content-Length: 238

<!DOCTYPE HTML PUBLIC "-//W3C//DTD HTML 3.2 Final//EN">
<title>404 Not Found</title>
<h1>Not Found</h1>
<p>The requested URL was not found on the server.</p><p>If you entered the URL manually please check your spelling and try again.</p>
