HTTP/1.1 200 OK
Connection: Keep-Alive
Date: Sun, 16, Oct, 2011 05:36:1318761360 GMT
Server: Liso/1.0
Content-Type: text/html
Last-Modified:Sun, 16, Oct, 2011 05:36:1318761360 GMT

HTTP/1.1 200 OK
Connection: Keep-Alive
Date: Sun, 16, Oct, 2011 05:36:1318761360 GMT
Server: Liso/1.0
Content-Type: text/html
Last-Modified:Sun, 16, Oct, 2011 05:36:1318761360 GMT

HTTP/1.1 200 OK
Connection: Keep-Alive
Date: Sun, 16, Oct, 2011 05:36:1318761360 GMT
Server: Liso/1.0
Content-Type: text/html
Last-Modified:Sun, 16, Oct, 2011 05:36:1318761360 GMT

HTTP/1.1 200 OK
Connection: Keep-Alive
Date: Sun, 16, Oct, 2011 05:36:1318761360 GMT
Server: Liso/1.0
Content-Type: text/html
Last-Modified:Sun, 16, Oct, 2011 05:36:1318761360 GMT

HTTP/1.1 200 OK
Connection: Keep-Alive
Date: Sun, 16, Oct, 2011 05:36:1318761360 GMT
Server: Liso/1.0
Content-Type: text/html
Last-Modified:Sun, 16, Oct, 2011 05:36:1318761360 GMT

HTTP/1.1 200 OK
Connection: Keep-Alive
Date: Sun, 16, Oct, 2011 05:36:1318761360 GMT
Server: Liso/1.0
Content-Type: text/html
Last-Modified:Sun, 16, Oct, 2011 05:36:1318761360 GMT

HTTP/1.1 200 OK
Connection: Keep-Alive
Date: Sun, 16, Oct, 2011 05:36:1318761360 GMT
Server: Liso/1.0
Content-Type: text/html
Last-Modified:Sun, 16, Oct, 2011 05:36:1318761360 GMT

HTTP/1.1 200 OK
Connection: Keep-Alive
Date: Sun, 16, Oct, 2011 05:36:1318761360 GMT
Server: Liso/1.0
Content-Type: text/html
Last-Modified:Sun, 16, Oct, 2011 05:36:1318761360 GMT

HTTP/1.1 200 OK
Connection: Keep-Alive
Date: Sun, 16, Oct, 2011 05:36:1318761360 GMT
Server: Liso/1.0
Content-Type: text/html
Last-Modified:Sun, 16, Oct, 2011 05:36:1318761360 GMT

HTTP/1.1 200 OK
Connection: Keep-Alive
Date: Sun, 16, Oct, 2011 05:36:1318761360 GMT
Server: Liso/1.0
Content-Type: text/html
Last-Modified:Sun, 16, Oct, 2011 05:36:1318761360 GMT

